undefined://undefined /-/ 2025-6-7/10h27min28sec /-/ GET /-/ / /-/ localhost:4100 --*
undefined://undefined /-/ 2025-6-7/10h29min35sec /-/ GET /-/ / /-/ localhost:4100 --*
undefined://undefined /-/ 2025-6-7/10h30min27sec /-/ GET /-/ / /-/ localhost:4100 --*
undefined://undefined /-/ 2025-6-7/10h32min37sec /-/ GET /-/ / /-/ localhost:4100 --*
undefined://undefined /-/ 2025-6-7/10h36min11sec /-/ GET /-/ / /-/ localhost:4100 --*
undefined://undefined /-/ 2025-6-7/10h36min11sec /-/ GET /-/ /page/3d/scenedumonde.splinecode /-/ localhost:4100 --*
undefined://undefined /-/ 2025-6-7/10h36min37sec /-/ GET /-/ /.well-known/appspecific/com.chrome.devtools.json /-/ localhost:4100 --*
undefined://undefined /-/ 2025-6-7/10h39min6sec /-/ GET /-/ / /-/ localhost:4100 --*
undefined://undefined /-/ 2025-6-7/10h39min7sec /-/ GET /-/ /.well-known/appspecific/com.chrome.devtools.json /-/ localhost:4100 --*
undefined://undefined /-/ 2025-6-7/10h39min7sec /-/ GET /-/ /page/3d/scenedumonde.splinecode /-/ localhost:4100 --*
undefined://undefined /-/ 2025-6-7/10h39min57sec /-/ GET /-/ / /-/ localhost:4100 --*
undefined://undefined /-/ 2025-6-7/10h39min58sec /-/ GET /-/ /.well-known/appspecific/com.chrome.devtools.json /-/ localhost:4100 --*
undefined://undefined /-/ 2025-6-7/10h39min58sec /-/ GET /-/ /page/3d/scenedumonde.splinecode /-/ localhost:4100 --*
undefined://undefined /-/ 2025-6-7/10h41min48sec /-/ GET /-/ / /-/ localhost:4100 --*
undefined://undefined /-/ 2025-6-7/10h41min49sec /-/ GET /-/ /page/3d/scenedumonde.splinecode /-/ localhost:4100 --*
undefined://undefined /-/ 2025-6-7/10h44min12sec /-/ GET /-/ /page/3d/scenedumonde.splinecode /-/ localhost:4100 --*
undefined://undefined /-/ 2025-6-7/10h44min12sec /-/ GET /-/ /page/3d/scenedumonde.splinecode /-/ localhost:4100 --*
undefined://undefined /-/ 2025-6-7/10h45min43sec /-/ GET /-/ / /-/ localhost:4100 --*
undefined://undefined /-/ 2025-6-7/10h50min28sec /-/ GET /-/ / /-/ localhost:4100 --*
undefined://undefined /-/ 2025-6-7/10h51min28sec /-/ GET /-/ / /-/ localhost:4100 --*
undefined://undefined /-/ 2025-6-7/11h8min43sec /-/ GET /-/ / /-/ localhost:4100 --*
undefined://undefined /-/ 2025-6-7/11h10min0sec /-/ GET /-/ / /-/ localhost:4100 --*
undefined://undefined /-/ 2025-6-7/11h23min52sec /-/ GET /-/ / /-/ localhost:4100 --*
undefined://undefined /-/ 2025-6-7/11h26min2sec /-/ GET /-/ / /-/ localhost:4100 --*
undefined://undefined /-/ 2025-6-7/11h29min49sec /-/ GET /-/ / /-/ localhost:4100 --*
undefined://undefined /-/ 2025-6-7/11h29min54sec /-/ GET /-/ /.well-known/appspecific/com.chrome.devtools.json /-/ localhost:4100 --*
undefined://undefined /-/ 2025-6-7/11h41min26sec /-/ GET /-/ / /-/ localhost:4100 --*
undefined://undefined /-/ 2025-6-7/11h41min27sec /-/ GET /-/ /.well-known/appspecific/com.chrome.devtools.json /-/ localhost:4100 --*
undefined://undefined /-/ 2025-6-7/11h41min28sec /-/ GET /-/ /page/3d/sceneearth.splinecode /-/ localhost:4100 --*
undefined://undefined /-/ 2025-6-7/11h45min2sec /-/ GET /-/ / /-/ localhost:4100 --*
undefined://undefined /-/ 2025-6-7/11h45min2sec /-/ GET /-/ /.well-known/appspecific/com.chrome.devtools.json /-/ localhost:4100 --*
undefined://undefined /-/ 2025-6-7/11h45min2sec /-/ GET /-/ /page/3d/sceneearth.splinecode /-/ localhost:4100 --*
undefined://undefined /-/ 2025-6-7/12h54min25sec /-/ GET /-/ / /-/ localhost:4100 --*
undefined://undefined /-/ 2025-6-7/12h54min26sec /-/ GET /-/ /page/3d/sceneearth.splinecode /-/ localhost:4100 --*
undefined://undefined /-/ 2025-6-7/12h55min2sec /-/ GET /-/ / /-/ localhost:4100 --*
undefined://undefined /-/ 2025-6-7/12h55min3sec /-/ GET /-/ /page/3d/sceneearth.splinecode /-/ localhost:4100 --*
undefined://undefined /-/ 2025-6-7/12h55min18sec /-/ GET /-/ / /-/ localhost:4100 --*
undefined://undefined /-/ 2025-6-7/12h55min19sec /-/ GET /-/ /page/3d/sceneearth.splinecode /-/ localhost:4100 --*
undefined://undefined /-/ 2025-6-7/12h55min33sec /-/ GET /-/ /.well-known/appspecific/com.chrome.devtools.json /-/ localhost:4100 --*
undefined://undefined /-/ 2025-6-7/12h56min21sec /-/ GET /-/ / /-/ localhost:4100 --*
undefined://undefined /-/ 2025-6-7/12h56min21sec /-/ GET /-/ /.well-known/appspecific/com.chrome.devtools.json /-/ localhost:4100 --*
undefined://undefined /-/ 2025-6-7/12h58min3sec /-/ GET /-/ / /-/ localhost:4100 --*
undefined://undefined /-/ 2025-6-7/12h58min3sec /-/ GET /-/ /.well-known/appspecific/com.chrome.devtools.json /-/ localhost:4100 --*
undefined://undefined /-/ 2025-6-7/12h58min39sec /-/ GET /-/ / /-/ localhost:4100 --*
undefined://undefined /-/ 2025-6-7/12h58min39sec /-/ GET /-/ /.well-known/appspecific/com.chrome.devtools.json /-/ localhost:4100 --*
undefined://undefined /-/ 2025-6-7/12h59min15sec /-/ GET /-/ / /-/ localhost:4100 --*
undefined://undefined /-/ 2025-6-7/12h59min15sec /-/ GET /-/ /.well-known/appspecific/com.chrome.devtools.json /-/ localhost:4100 --*
undefined://undefined /-/ 2025-6-7/12h59min58sec /-/ GET /-/ / /-/ localhost:4100 --*
undefined://undefined /-/ 2025-6-7/12h59min58sec /-/ GET /-/ /.well-known/appspecific/com.chrome.devtools.json /-/ localhost:4100 --*
undefined://undefined /-/ 2025-6-7/13h2min41sec /-/ GET /-/ / /-/ localhost:4100 --*
undefined://undefined /-/ 2025-6-7/13h2min42sec /-/ GET /-/ /.well-known/appspecific/com.chrome.devtools.json /-/ localhost:4100 --*
undefined://undefined /-/ 2025-6-7/13h6min47sec /-/ GET /-/ / /-/ localhost:4100 --*
undefined://undefined /-/ 2025-6-7/13h6min48sec /-/ GET /-/ /.well-known/appspecific/com.chrome.devtools.json /-/ localhost:4100 --*
undefined://undefined /-/ 2025-6-7/13h8min0sec /-/ GET /-/ / /-/ localhost:4100 --*
undefined://undefined /-/ 2025-6-7/13h8min0sec /-/ GET /-/ /.well-known/appspecific/com.chrome.devtools.json /-/ localhost:4100 --*
undefined://undefined /-/ 2025-6-7/13h9min29sec /-/ GET /-/ / /-/ localhost:4100 --*
undefined://undefined /-/ 2025-6-7/13h9min29sec /-/ GET /-/ /.well-known/appspecific/com.chrome.devtools.json /-/ localhost:4100 --*
undefined://undefined /-/ 2025-6-7/13h17min16sec /-/ GET /-/ / /-/ localhost:4100 --*
undefined://undefined /-/ 2025-6-7/13h17min16sec /-/ GET /-/ /.well-known/appspecific/com.chrome.devtools.json /-/ localhost:4100 --*
undefined://undefined /-/ 2025-6-7/13h18min19sec /-/ GET /-/ / /-/ localhost:4100 --*
undefined://undefined /-/ 2025-6-7/13h18min19sec /-/ GET /-/ /.well-known/appspecific/com.chrome.devtools.json /-/ localhost:4100 --*
undefined://undefined /-/ 2025-6-7/13h22min44sec /-/ GET /-/ / /-/ localhost:4100 --*
undefined://undefined /-/ 2025-6-7/13h22min45sec /-/ GET /-/ /.well-known/appspecific/com.chrome.devtools.json /-/ localhost:4100 --*
undefined://undefined /-/ 2025-6-7/13h32min5sec /-/ GET /-/ / /-/ localhost:4100 --*
undefined://undefined /-/ 2025-6-7/13h32min6sec /-/ GET /-/ /.well-known/appspecific/com.chrome.devtools.json /-/ localhost:4100 --*
undefined://undefined /-/ 2025-6-7/13h32min56sec /-/ GET /-/ / /-/ localhost:4100 --*
undefined://undefined /-/ 2025-6-7/13h32min56sec /-/ GET /-/ /.well-known/appspecific/com.chrome.devtools.json /-/ localhost:4100 --*
undefined://undefined /-/ 2025-6-7/13h33min54sec /-/ GET /-/ / /-/ localhost:4100 --*
undefined://undefined /-/ 2025-6-7/13h33min54sec /-/ GET /-/ /.well-known/appspecific/com.chrome.devtools.json /-/ localhost:4100 --*
undefined://undefined /-/ 2025-6-7/13h34min35sec /-/ GET /-/ / /-/ localhost:4100 --*
undefined://undefined /-/ 2025-6-7/13h34min35sec /-/ GET /-/ /.well-known/appspecific/com.chrome.devtools.json /-/ localhost:4100 --*
undefined://undefined /-/ 2025-6-7/13h42min23sec /-/ GET /-/ / /-/ localhost:4100 --*
undefined://undefined /-/ 2025-6-7/13h43min33sec /-/ GET /-/ /.well-known/appspecific/com.chrome.devtools.json /-/ localhost:4100 --*
undefined://undefined /-/ 2025-6-7/13h50min2sec /-/ GET /-/ / /-/ localhost:4100 --*
undefined://undefined /-/ 2025-6-7/13h53min4sec /-/ GET /-/ / /-/ localhost:4100 --*
undefined://undefined /-/ 2025-6-7/13h53min21sec /-/ GET /-/ /.well-known/appspecific/com.chrome.devtools.json /-/ localhost:4100 --*
undefined://undefined /-/ 2025-6-7/13h58min13sec /-/ GET /-/ / /-/ localhost:4100 --*
undefined://undefined /-/ 2025-6-7/13h58min13sec /-/ GET /-/ /page/3d/scenemontre.splinecode /-/ localhost:4100 --*
undefined://undefined /-/ 2025-6-7/14h0min10sec /-/ GET /-/ / /-/ localhost:4100 --*
undefined://undefined /-/ 2025-6-7/14h0min10sec /-/ GET /-/ /page/3d/scenemontre.splinecode /-/ localhost:4100 --*
undefined://undefined /-/ 2025-6-7/14h2min21sec /-/ GET /-/ / /-/ localhost:4100 --*
undefined://undefined /-/ 2025-6-7/14h4min21sec /-/ GET /-/ / /-/ localhost:4100 --*
