undefined://undefined /-/ 2025-5-14/1h41min43sec /-/ GET /-/ /.well-known/appspecific/com.chrome.devtools.json /-/ localhost:4100 --*
undefined://undefined /-/ 2025-5-14/1h42min11sec /-/ GET /-/ /.well-known/appspecific/com.chrome.devtools.json /-/ localhost:4100 --*
undefined://undefined /-/ 2025-5-14/1h42min50sec /-/ GET /-/ /.well-known/appspecific/com.chrome.devtools.json /-/ localhost:4100 --*
undefined://undefined /-/ 2025-5-14/1h43min57sec /-/ GET /-/ /.well-known/appspecific/com.chrome.devtools.json /-/ localhost:4100 --*
undefined://undefined /-/ 2025-5-14/1h45min22sec /-/ GET /-/ /.well-known/appspecific/com.chrome.devtools.json /-/ localhost:4100 --*
undefined://undefined /-/ 2025-5-14/1h46min18sec /-/ GET /-/ /.well-known/appspecific/com.chrome.devtools.json /-/ localhost:4100 --*
undefined://undefined /-/ 2025-5-14/1h47min8sec /-/ GET /-/ /.well-known/appspecific/com.chrome.devtools.json /-/ localhost:4100 --*
undefined://undefined /-/ 2025-5-14/1h51min13sec /-/ GET /-/ /.well-known/appspecific/com.chrome.devtools.json /-/ localhost:4100 --*
undefined://undefined /-/ 2025-5-14/1h51min53sec /-/ GET /-/ /.well-known/appspecific/com.chrome.devtools.json /-/ localhost:4100 --*
undefined://undefined /-/ 2025-5-14/1h52min31sec /-/ GET /-/ /.well-known/appspecific/com.chrome.devtools.json /-/ localhost:4100 --*
undefined://undefined /-/ 2025-5-14/1h52min54sec /-/ GET /-/ /.well-known/appspecific/com.chrome.devtools.json /-/ localhost:4100 --*
undefined://undefined /-/ 2025-5-14/1h54min2sec /-/ GET /-/ /.well-known/appspecific/com.chrome.devtools.json /-/ localhost:4100 --*
undefined://undefined /-/ 2025-5-14/1h54min55sec /-/ GET /-/ /.well-known/appspecific/com.chrome.devtools.json /-/ localhost:4100 --*
undefined://undefined /-/ 2025-5-14/12h1min2sec /-/ GET /-/ / /-/ localhost:4100 --*
undefined://undefined /-/ 2025-5-14/12h1min2sec /-/ GET /-/ / /-/ localhost:4100 --*
undefined://undefined /-/ 2025-5-14/12h1min51sec /-/ GET /-/ / /-/ localhost:4100 --*
undefined://undefined /-/ 2025-5-14/12h2min11sec /-/ GET /-/ / /-/ localhost:4100 --*
undefined://undefined /-/ 2025-5-14/12h2min28sec /-/ GET /-/ / /-/ localhost:4100 --*
undefined://undefined /-/ 2025-5-14/12h2min43sec /-/ GET /-/ / /-/ localhost:4100 --*
undefined://undefined /-/ 2025-5-14/12h2min57sec /-/ GET /-/ / /-/ localhost:4100 --*
undefined://undefined /-/ 2025-5-14/12h3min13sec /-/ GET /-/ / /-/ localhost:4100 --*
undefined://undefined /-/ 2025-5-14/12h3min42sec /-/ GET /-/ /.well-known/appspecific/com.chrome.devtools.json /-/ localhost:4100 --*
undefined://undefined /-/ 2025-5-14/12h8min25sec /-/ GET /-/ / /-/ localhost:4100 --*
undefined://undefined /-/ 2025-5-14/12h8min26sec /-/ GET /-/ /.well-known/appspecific/com.chrome.devtools.json /-/ localhost:4100 --*
undefined://undefined /-/ 2025-5-14/12h8min46sec /-/ GET /-/ / /-/ localhost:4100 --*
undefined://undefined /-/ 2025-5-14/12h8min46sec /-/ GET /-/ /.well-known/appspecific/com.chrome.devtools.json /-/ localhost:4100 --*
undefined://undefined /-/ 2025-5-14/12h9min2sec /-/ GET /-/ / /-/ localhost:4100 --*
undefined://undefined /-/ 2025-5-14/12h9min3sec /-/ GET /-/ /.well-known/appspecific/com.chrome.devtools.json /-/ localhost:4100 --*
undefined://undefined /-/ 2025-5-14/12h9min25sec /-/ GET /-/ / /-/ localhost:4100 --*
undefined://undefined /-/ 2025-5-14/12h9min26sec /-/ GET /-/ /.well-known/appspecific/com.chrome.devtools.json /-/ localhost:4100 --*
undefined://undefined /-/ 2025-5-14/13h16min21sec /-/ GET /-/ / /-/ localhost:4100 --*
undefined://undefined /-/ 2025-5-14/13h26min28sec /-/ GET /-/ / /-/ localhost:4100 --*
undefined://undefined /-/ 2025-5-14/13h26min35sec /-/ GET /-/ / /-/ localhost:4100 --*
undefined://undefined /-/ 2025-5-14/13h26min47sec /-/ GET /-/ / /-/ localhost:4100 --*
undefined://undefined /-/ 2025-5-14/13h27min43sec /-/ GET /-/ / /-/ localhost:4100 --*
undefined://undefined /-/ 2025-5-14/13h29min15sec /-/ GET /-/ / /-/ localhost:4100 --*
undefined://undefined /-/ 2025-5-14/13h31min5sec /-/ GET /-/ / /-/ localhost:4100 --*
undefined://undefined /-/ 2025-5-14/13h32min40sec /-/ GET /-/ / /-/ localhost:4100 --*
undefined://undefined /-/ 2025-5-14/13h34min56sec /-/ GET /-/ / /-/ localhost:4100 --*
undefined://undefined /-/ 2025-5-14/13h35min41sec /-/ GET /-/ / /-/ localhost:4100 --*
undefined://undefined /-/ 2025-5-14/13h36min18sec /-/ GET /-/ /.well-known/appspecific/com.chrome.devtools.json /-/ localhost:4100 --*
undefined://undefined /-/ 2025-5-14/13h36min33sec /-/ GET /-/ / /-/ localhost:4100 --*
undefined://undefined /-/ 2025-5-14/13h36min34sec /-/ GET /-/ /.well-known/appspecific/com.chrome.devtools.json /-/ localhost:4100 --*
undefined://undefined /-/ 2025-5-14/13h36min56sec /-/ GET /-/ / /-/ localhost:4100 --*
undefined://undefined /-/ 2025-5-14/13h36min57sec /-/ GET /-/ /.well-known/appspecific/com.chrome.devtools.json /-/ localhost:4100 --*
undefined://undefined /-/ 2025-5-14/15h33min51sec /-/ GET /-/ / /-/ localhost:4100 --*
undefined://undefined /-/ 2025-5-14/15h35min6sec /-/ GET /-/ / /-/ localhost:4100 --*
undefined://undefined /-/ 2025-5-14/15h36min55sec /-/ GET /-/ / /-/ localhost:4100 --*
undefined://undefined /-/ 2025-5-14/15h37min10sec /-/ GET /-/ /.well-known/appspecific/com.chrome.devtools.json /-/ localhost:4100 --*
undefined://undefined /-/ 2025-5-14/15h41min51sec /-/ GET /-/ / /-/ localhost:4100 --*
undefined://undefined /-/ 2025-5-14/15h41min51sec /-/ GET /-/ /.well-known/appspecific/com.chrome.devtools.json /-/ localhost:4100 --*
undefined://undefined /-/ 2025-5-14/15h50min31sec /-/ GET /-/ / /-/ localhost:4100 --*
undefined://undefined /-/ 2025-5-14/15h50min31sec /-/ GET /-/ /.well-known/appspecific/com.chrome.devtools.json /-/ localhost:4100 --*
undefined://undefined /-/ 2025-5-14/15h50min48sec /-/ GET /-/ /favicon.ico /-/ localhost:4100 --*
undefined://undefined /-/ 2025-5-14/15h53min14sec /-/ GET /-/ / /-/ localhost:4100 --*
undefined://undefined /-/ 2025-5-14/15h53min18sec /-/ GET /-/ /favicon.ico /-/ localhost:4100 --*
undefined://undefined /-/ 2025-5-14/16h3min1sec /-/ GET /-/ / /-/ localhost:4100 --*
undefined://undefined /-/ 2025-5-14/16h3min5sec /-/ GET /-/ /favicon.ico /-/ localhost:4100 --*
undefined://undefined /-/ 2025-5-14/16h3min47sec /-/ GET /-/ /.well-known/appspecific/com.chrome.devtools.json /-/ localhost:4100 --*
undefined://undefined /-/ 2025-5-14/16h4min59sec /-/ GET /-/ /.well-known/appspecific/com.chrome.devtools.json /-/ localhost:4100 --*
undefined://undefined /-/ 2025-5-14/16h5min0sec /-/ GET /-/ /favicon.ico /-/ localhost:4100 --*
undefined://undefined /-/ 2025-5-14/16h7min28sec /-/ GET /-/ /.well-known/appspecific/com.chrome.devtools.json /-/ localhost:4100 --*
undefined://undefined /-/ 2025-5-14/16h7min29sec /-/ GET /-/ /favicon.ico /-/ localhost:4100 --*
undefined://undefined /-/ 2025-5-14/16h11min35sec /-/ GET /-/ /.well-known/appspecific/com.chrome.devtools.json /-/ localhost:4100 --*
undefined://undefined /-/ 2025-5-14/16h11min36sec /-/ GET /-/ /favicon.ico /-/ localhost:4100 --*
undefined://undefined /-/ 2025-5-14/16h24min53sec /-/ GET /-/ / /-/ localhost:4100 --*
undefined://undefined /-/ 2025-5-14/16h24min54sec /-/ GET /-/ /.well-known/appspecific/com.chrome.devtools.json /-/ localhost:4100 --*
undefined://undefined /-/ 2025-5-14/16h25min0sec /-/ GET /-/ /favicon.ico /-/ localhost:4100 --*
undefined://undefined /-/ 2025-5-14/16h25min17sec /-/ GET /-/ /.well-known/appspecific/com.chrome.devtools.json /-/ localhost:4100 --*
undefined://undefined /-/ 2025-5-14/16h30min21sec /-/ GET /-/ /.well-known/appspecific/com.chrome.devtools.json /-/ localhost:4100 --*
undefined://undefined /-/ 2025-5-14/16h30min22sec /-/ GET /-/ /favicon.ico /-/ localhost:4100 --*
undefined://undefined /-/ 2025-5-14/16h34min17sec /-/ GET /-/ /.well-known/appspecific/com.chrome.devtools.json /-/ localhost:4100 --*
undefined://undefined /-/ 2025-5-14/16h34min17sec /-/ GET /-/ /page/3d/scene.splinecode /-/ localhost:4100 --*
undefined://undefined /-/ 2025-5-14/16h34min17sec /-/ GET /-/ /favicon.ico /-/ localhost:4100 --*
undefined://undefined /-/ 2025-5-14/16h40min33sec /-/ GET /-/ /* /-/ localhost:4100 --*
undefined://undefined /-/ 2025-5-14/16h40min33sec /-/ GET /-/ /.well-known/appspecific/com.chrome.devtools.json /-/ localhost:4100 --*
undefined://undefined /-/ 2025-5-14/16h40min40sec /-/ GET /-/ /favicon.ico /-/ localhost:4100 --*
undefined://undefined /-/ 2025-5-14/16h42min31sec /-/ GET /-/ /favicon.ico /-/ localhost:4100 --*
undefined://undefined /-/ 2025-5-14/16h45min6sec /-/ GET /-/ /favicon.ico /-/ localhost:4100 --*
undefined://undefined /-/ 2025-5-14/16h45min40sec /-/ GET /-/ /favicon.ico /-/ localhost:4100 --*
undefined://undefined /-/ 2025-5-14/16h47min55sec /-/ GET /-/ /favicon.ico /-/ localhost:4100 --*
undefined://undefined /-/ 2025-5-14/16h48min44sec /-/ GET /-/ /favicon.ico /-/ localhost:4100 --*
undefined://undefined /-/ 2025-5-14/16h51min53sec /-/ GET /-/ /favicon.ico /-/ localhost:4100 --*
undefined://undefined /-/ 2025-5-14/16h53min10sec /-/ GET /-/ /favicon.ico /-/ localhost:4100 --*
undefined://undefined /-/ 2025-5-14/16h53min15sec /-/ GET /-/ /favicon.ico /-/ localhost:4100 --*
undefined://undefined /-/ 2025-5-14/16h53min32sec /-/ GET /-/ /favicon.ico /-/ localhost:4100 --*
undefined://undefined /-/ 2025-5-14/16h54min4sec /-/ GET /-/ /favicon.ico /-/ localhost:4100 --*
undefined://undefined /-/ 2025-5-14/16h54min20sec /-/ GET /-/ /favicon.ico /-/ localhost:4100 --*
undefined://undefined /-/ 2025-5-14/16h55min31sec /-/ GET /-/ /favicon.ico /-/ localhost:4100 --*
undefined://undefined /-/ 2025-5-14/16h55min53sec /-/ GET /-/ /favicon.ico /-/ localhost:4100 --*
undefined://undefined /-/ 2025-5-14/16h56min12sec /-/ GET /-/ /favicon.ico /-/ localhost:4100 --*
undefined://undefined /-/ 2025-5-14/16h56min31sec /-/ GET /-/ /favicon.ico /-/ localhost:4100 --*
undefined://undefined /-/ 2025-5-14/16h59min24sec /-/ GET /-/ /favicon.ico /-/ localhost:4100 --*
undefined://undefined /-/ 2025-5-14/17h4min18sec /-/ GET /-/ /favicon.ico /-/ localhost:4100 --*
undefined://undefined /-/ 2025-5-14/17h7min7sec /-/ GET /-/ /favicon.ico /-/ localhost:4100 --*
undefined://undefined /-/ 2025-5-14/17h10min4sec /-/ GET /-/ /favicon.ico /-/ localhost:4100 --*
undefined://undefined /-/ 2025-5-14/17h13min28sec /-/ GET /-/ /favicon.ico /-/ localhost:4100 --*
undefined://undefined /-/ 2025-5-14/17h13min58sec /-/ GET /-/ /favicon.ico /-/ localhost:4100 --*
undefined://undefined /-/ 2025-5-14/17h16min25sec /-/ GET /-/ /favicon.ico /-/ localhost:4100 --*
undefined://undefined /-/ 2025-5-14/17h19min8sec /-/ GET /-/ /favicon.ico /-/ localhost:4100 --*
undefined://undefined /-/ 2025-5-14/17h19min42sec /-/ GET /-/ /favicon.ico /-/ localhost:4100 --*
undefined://undefined /-/ 2025-5-14/17h24min37sec /-/ GET /-/ /favicon.ico /-/ localhost:4100 --*
undefined://undefined /-/ 2025-5-14/17h25min9sec /-/ GET /-/ /favicon.ico /-/ localhost:4100 --*
undefined://undefined /-/ 2025-5-14/17h25min29sec /-/ GET /-/ /favicon.ico /-/ localhost:4100 --*
undefined://undefined /-/ 2025-5-14/17h25min50sec /-/ GET /-/ /favicon.ico /-/ localhost:4100 --*
undefined://undefined /-/ 2025-5-14/17h31min40sec /-/ GET /-/ /favicon.ico /-/ localhost:4100 --*
undefined://undefined /-/ 2025-5-14/17h32min2sec /-/ GET /-/ /favicon.ico /-/ localhost:4100 --*
undefined://undefined /-/ 2025-5-14/17h32min23sec /-/ GET /-/ /favicon.ico /-/ localhost:4100 --*
undefined://undefined /-/ 2025-5-14/17h32min33sec /-/ GET /-/ /favicon.ico /-/ localhost:4100 --*
undefined://undefined /-/ 2025-5-14/17h33min5sec /-/ GET /-/ /favicon.ico /-/ localhost:4100 --*
undefined://undefined /-/ 2025-5-14/17h35min19sec /-/ GET /-/ /favicon.ico /-/ localhost:4100 --*
undefined://undefined /-/ 2025-5-14/17h40min16sec /-/ GET /-/ /favicon.ico /-/ localhost:4100 --*
undefined://undefined /-/ 2025-5-14/17h42min5sec /-/ GET /-/ /.well-known/appspecific/com.chrome.devtools.json /-/ localhost:4100 --*
undefined://undefined /-/ 2025-5-14/17h46min49sec /-/ GET /-/ /favicon.ico /-/ localhost:4100 --*
undefined://undefined /-/ 2025-5-14/17h49min48sec /-/ GET /-/ /favicon.ico /-/ localhost:4100 --*
undefined://undefined /-/ 2025-5-14/17h50min54sec /-/ GET /-/ /favicon.ico /-/ localhost:4100 --*
undefined://undefined /-/ 2025-5-14/17h51min23sec /-/ GET /-/ /favicon.ico /-/ localhost:4100 --*
undefined://undefined /-/ 2025-5-14/17h51min43sec /-/ GET /-/ /favicon.ico /-/ localhost:4100 --*
undefined://undefined /-/ 2025-5-14/17h52min11sec /-/ GET /-/ /favicon.ico /-/ localhost:4100 --*
undefined://undefined /-/ 2025-5-14/17h52min26sec /-/ GET /-/ /favicon.ico /-/ localhost:4100 --*
undefined://undefined /-/ 2025-5-14/17h52min47sec /-/ GET /-/ /favicon.ico /-/ localhost:4100 --*
undefined://undefined /-/ 2025-5-14/23h52min43sec /-/ GET /-/ / /-/ localhost:4100 --*
undefined://undefined /-/ 2025-5-14/23h54min50sec /-/ GET /-/ /favicon.ico /-/ localhost:4100 --*
undefined://undefined /-/ 2025-5-14/23h55min1sec /-/ GET /-/ /.well-known/appspecific/com.chrome.devtools.json /-/ localhost:4100 --*
